<?xml version="1.0" encoding="UTF-8" ?>
<testsuite tests="16" failures="0" name="test.testRunner" time="150.882" errors="4" skipped="6">
  <properties>
    <property name="java.runtime.name" value="Java(TM) SE Runtime Environment"/>
    <property name="sun.boot.library.path" value="C:\Program Files\Java\jdk1.8.0_131\jre\bin"/>
    <property name="java.vm.version" value="25.131-b11"/>
    <property name="java.vm.vendor" value="Oracle Corporation"/>
    <property name="java.vendor.url" value="http://java.oracle.com/"/>
    <property name="path.separator" value=";"/>
    <property name="guice.disable.misplaced.annotation.check" value="true"/>
    <property name="java.vm.name" value="Java HotSpot(TM) 64-Bit Server VM"/>
    <property name="file.encoding.pkg" value="sun.io"/>
    <property name="user.script" value=""/>
    <property name="user.country" value="US"/>
    <property name="sun.java.launcher" value="SUN_STANDARD"/>
    <property name="sun.os.patch.level" value=""/>
    <property name="test" value="test.testRunner"/>
    <property name="java.vm.specification.name" value="Java Virtual Machine Specification"/>
    <property name="user.dir" value="C:\Users\Walter\Desktop\Mocha + Cucumber\Evernote\Backup\evernoteTest"/>
    <property name="java.runtime.version" value="1.8.0_131-b11"/>
    <property name="java.awt.graphicsenv" value="sun.awt.Win32GraphicsEnvironment"/>
    <property name="java.endorsed.dirs" value="C:\Program Files\Java\jdk1.8.0_131\jre\lib\endorsed"/>
    <property name="os.arch" value="amd64"/>
    <property name="java.io.tmpdir" value="C:\Users\Walter\AppData\Local\Temp\"/>
    <property name="line.separator" value="
"/>
    <property name="java.vm.specification.vendor" value="Oracle Corporation"/>
    <property name="user.variant" value=""/>
    <property name="os.name" value="Windows 10"/>
    <property name="maven.ext.class.path" value="C:\Program Files\NetBeans 8.2\java\maven-nblib\netbeans-eventspy.jar"/>
    <property name="classworlds.conf" value="C:\Program Files\NetBeans 8.2\java\maven\bin\m2.conf"/>
    <property name="sun.jnu.encoding" value="Cp1252"/>
    <property name="java.library.path" value="C:\Program Files\Java\jdk1.8.0_131\bin;C:\Windows\Sun\Java\bin;C:\Windows\system32;C:\Windows;C:\Windows\system32;C:\Windows;C:\Windows\System32\Wbem;C:\Windows\System32\WindowsPowerShell\v1.0\;C:\Program Files (x86)\Android\android-sdk\platform-tools;C:\Program Files (x86)\Android\android-sdk\tools;C:\Program Files\nodejs\;C:\Program Files\Java\jdk1.8.0_121\bin;C:\Program Files\Git\cmd;C:\Users\Walter\AppData\Local\Microsoft\WindowsApps;C:\Users\Walter\AppData\Roaming\npm;."/>
    <property name="java.specification.name" value="Java Platform API Specification"/>
    <property name="java.class.version" value="52.0"/>
    <property name="sun.management.compiler" value="HotSpot 64-Bit Tiered Compilers"/>
    <property name="os.version" value="10.0"/>
    <property name="jpda.listen" value="true"/>
    <property name="jpda.address" value="52438"/>
    <property name="user.home" value="C:\Users\Walter"/>
    <property name="user.timezone" value="America/Regina"/>
    <property name="java.awt.printerjob" value="sun.awt.windows.WPrinterJob"/>
    <property name="java.specification.version" value="1.8"/>
    <property name="file.encoding" value="UTF-8"/>
    <property name="user.name" value="Walter"/>
    <property name="java.class.path" value="C:\Program Files\NetBeans 8.2\java\maven\boot\plexus-classworlds-2.4.jar"/>
    <property name="maven.surefire.debug" value="-Xdebug -Xrunjdwp:transport=dt_socket,server=n,address=52438"/>
    <property name="java.vm.specification.version" value="1.8"/>
    <property name="sun.arch.data.model" value="64"/>
    <property name="java.home" value="C:\Program Files\Java\jdk1.8.0_131\jre"/>
    <property name="sun.java.command" value="org.codehaus.plexus.classworlds.launcher.Launcher -Dtest=test.testRunner -DforkMode=once -Dmaven.surefire.debug=-Xdebug -Xrunjdwp:transport=dt_socket,server=n,address=52438 -Djpda.listen=true -Djpda.address=52438 -Dmaven.ext.class.path=C:\Program Files\NetBeans 8.2\java\maven-nblib\netbeans-eventspy.jar -Dfile.encoding=UTF-8 surefire:test"/>
    <property name="java.specification.vendor" value="Oracle Corporation"/>
    <property name="user.language" value="en"/>
    <property name="awt.toolkit" value="sun.awt.windows.WToolkit"/>
    <property name="java.vm.info" value="mixed mode"/>
    <property name="java.version" value="1.8.0_131"/>
    <property name="java.ext.dirs" value="C:\Program Files\Java\jdk1.8.0_131\jre\lib\ext;C:\Windows\Sun\Java\lib\ext"/>
    <property name="sun.boot.class.path" value="C:\Program Files\Java\jdk1.8.0_131\jre\lib\resources.jar;C:\Program Files\Java\jdk1.8.0_131\jre\lib\rt.jar;C:\Program Files\Java\jdk1.8.0_131\jre\lib\sunrsasign.jar;C:\Program Files\Java\jdk1.8.0_131\jre\lib\jsse.jar;C:\Program Files\Java\jdk1.8.0_131\jre\lib\jce.jar;C:\Program Files\Java\jdk1.8.0_131\jre\lib\charsets.jar;C:\Program Files\Java\jdk1.8.0_131\jre\lib\jfr.jar;C:\Program Files\Java\jdk1.8.0_131\jre\classes"/>
    <property name="java.vendor" value="Oracle Corporation"/>
    <property name="maven.home" value="C:\Program Files\NetBeans 8.2\java\maven"/>
    <property name="file.separator" value="\"/>
    <property name="java.vendor.url.bug" value="http://bugreport.sun.com/bugreport/"/>
    <property name="forkMode" value="once"/>
    <property name="sun.cpu.endian" value="little"/>
    <property name="sun.io.unicode.encoding" value="UnicodeLittle"/>
    <property name="sun.desktop" value="windows"/>
    <property name="sun.cpu.isalist" value="amd64"/>
  </properties>
  <testcase classname="| Unsuccessful | invalid | invalid | cannot |" name="Given A invalid username" time="0.016"/>
  <testcase classname="| Unsuccessful | invalid | invalid | cannot |" name="And A invalid password" time="0"/>
  <testcase classname="| Unsuccessful | invalid | invalid | cannot |" name="When I submit the credentials" time="0"/>
  <testcase classname="| Unsuccessful | invalid | invalid | cannot |" name="Then I cannot login" time="0"/>
  <testcase classname="| Unsuccessful | invalid | invalid | cannot |" name="| Unsuccessful | invalid | invalid | cannot |" time="0"/>
  <testcase classname="| Successful | valid | valid | can |" name="Given A valid username" time="0.018">
    <error message="An element could not be located on the page using the given search parameters. (WARNING: The server did not provide any stacktrace information)
Command duration or timeout: 27.35 seconds
For documentation on this error, please visit: http://seleniumhq.org/exceptions/no_such_element.html
Build info: version: &apos;3.4.0&apos;, revision: &apos;unknown&apos;, time: &apos;unknown&apos;
System info: host: &apos;DESKTOP-JK77KIE&apos;, ip: &apos;192.168.52.2&apos;, os.name: &apos;Windows 10&apos;, os.arch: &apos;amd64&apos;, os.version: &apos;10.0&apos;, java.version: &apos;1.8.0_131&apos;
Driver info: io.appium.java_client.android.AndroidDriver
Capabilities [{app=C:\Users\Walter\Desktop\Mocha + Cucumber\Evernote\Backup\evernoteTest/src/main/resources/Evernote.apk, appPackage=com.evernote, deviceScreenSize=1440x2560, networkConnectionEnabled=true, warnings={}, appWaitPackage=com.evernote, appWaitActivity=com.evernote.ui.HomeActivity, databaseEnabled=false, deviceName=ce0716079d5e2a1905, platform=LINUX, deviceUDID=ce0716079d5e2a1905, appActivity=com.evernote.ui.HomeActivity, desired={app=C:\Users\Walter\Desktop\Mocha + Cucumber\Evernote\Backup\evernoteTest/src/main/resources/Evernote.apk, platformVersion=7.0, platformName=Android, deviceName=ce0716079d5e2a1905}, platformVersion=7.0, webStorageEnabled=false, locationContextEnabled=false, takesScreenshot=true, javascriptEnabled=true, deviceModel=SM-G930F, platformName=Android, deviceManufacturer=samsung}]
Session ID: 6da1a7de-4f04-44ce-a062-97f97d5b2299
*** Element info: {Using=id, value=com.evernote:id/landing_email}" type="org.openqa.selenium.NoSuchElementException">org.openqa.selenium.NoSuchElementException: An element could not be located on the page using the given search parameters. (WARNING: The server did not provide any stacktrace information)
Command duration or timeout: 27.35 seconds
For documentation on this error, please visit: http://seleniumhq.org/exceptions/no_such_element.html
Build info: version: &apos;3.4.0&apos;, revision: &apos;unknown&apos;, time: &apos;unknown&apos;
System info: host: &apos;DESKTOP-JK77KIE&apos;, ip: &apos;192.168.52.2&apos;, os.name: &apos;Windows 10&apos;, os.arch: &apos;amd64&apos;, os.version: &apos;10.0&apos;, java.version: &apos;1.8.0_131&apos;
Driver info: io.appium.java_client.android.AndroidDriver
Capabilities [{app=C:\Users\Walter\Desktop\Mocha + Cucumber\Evernote\Backup\evernoteTest/src/main/resources/Evernote.apk, appPackage=com.evernote, deviceScreenSize=1440x2560, networkConnectionEnabled=true, warnings={}, appWaitPackage=com.evernote, appWaitActivity=com.evernote.ui.HomeActivity, databaseEnabled=false, deviceName=ce0716079d5e2a1905, platform=LINUX, deviceUDID=ce0716079d5e2a1905, appActivity=com.evernote.ui.HomeActivity, desired={app=C:\Users\Walter\Desktop\Mocha + Cucumber\Evernote\Backup\evernoteTest/src/main/resources/Evernote.apk, platformVersion=7.0, platformName=Android, deviceName=ce0716079d5e2a1905}, platformVersion=7.0, webStorageEnabled=false, locationContextEnabled=false, takesScreenshot=true, javascriptEnabled=true, deviceModel=SM-G930F, platformName=Android, deviceManufacturer=samsung}]
Session ID: 6da1a7de-4f04-44ce-a062-97f97d5b2299
*** Element info: {Using=id, value=com.evernote:id/landing_email}
	at sun.reflect.NativeConstructorAccessorImpl.newInstance0(Native Method)
	at sun.reflect.NativeConstructorAccessorImpl.newInstance(NativeConstructorAccessorImpl.java:62)
	at sun.reflect.DelegatingConstructorAccessorImpl.newInstance(DelegatingConstructorAccessorImpl.java:45)
	at java.lang.reflect.Constructor.newInstance(Constructor.java:423)
	at org.openqa.selenium.remote.ErrorHandler.createThrowable(ErrorHandler.java:215)
	at org.openqa.selenium.remote.ErrorHandler.throwIfResponseFailed(ErrorHandler.java:167)
	at org.openqa.selenium.remote.RemoteWebDriver.execute(RemoteWebDriver.java:671)
	at io.appium.java_client.DefaultGenericMobileDriver.execute(DefaultGenericMobileDriver.java:42)
	at io.appium.java_client.AppiumDriver.execute(AppiumDriver.java:1)
	at io.appium.java_client.android.AndroidDriver.execute(AndroidDriver.java:1)
	at org.openqa.selenium.remote.RemoteWebDriver.findElement(RemoteWebDriver.java:410)
	at io.appium.java_client.DefaultGenericMobileDriver.findElement(DefaultGenericMobileDriver.java:62)
	at io.appium.java_client.AppiumDriver.findElement(AppiumDriver.java:1)
	at io.appium.java_client.android.AndroidDriver.findElement(AndroidDriver.java:1)
	at org.openqa.selenium.remote.RemoteWebDriver.findElementById(RemoteWebDriver.java:453)
	at io.appium.java_client.DefaultGenericMobileDriver.findElementById(DefaultGenericMobileDriver.java:70)
	at io.appium.java_client.AppiumDriver.findElementById(AppiumDriver.java:1)
	at io.appium.java_client.android.AndroidDriver.findElementById(AndroidDriver.java:1)
	at org.openqa.selenium.By$ById.findElement(By.java:218)
	at org.openqa.selenium.remote.RemoteWebDriver.findElement(RemoteWebDriver.java:402)
	at io.appium.java_client.DefaultGenericMobileDriver.findElement(DefaultGenericMobileDriver.java:58)
	at io.appium.java_client.AppiumDriver.findElement(AppiumDriver.java:1)
	at io.appium.java_client.android.AndroidDriver.findElement(AndroidDriver.java:1)
	at test.scripts.Login.A_something_username(Login.java:38)
	at ✽.Given A valid username(01Login.feature:5)
</error>
    <system-out>
  @Login
  Scenario Outline: Unsuccessful login &amp;#27;[90m# 01Login.feature:13&amp;#27;[0m
    &amp;#27;[32mGiven &amp;#27;[0m&amp;#27;[32mA &amp;#27;[0m&amp;#27;[32m&amp;#27;[1minvalid&amp;#27;[0m&amp;#27;[32m username&amp;#27;[0m           &amp;#27;[90m# Login.A_something_username(String)&amp;#27;[0m
    &amp;#27;[32mAnd &amp;#27;[0m&amp;#27;[32mA &amp;#27;[0m&amp;#27;[32m&amp;#27;[1minvalid&amp;#27;[0m&amp;#27;[32m password&amp;#27;[0m             &amp;#27;[90m# Login.A_something_password(String)&amp;#27;[0m
    &amp;#27;[32mWhen &amp;#27;[0m&amp;#27;[32mI submit the credentials&amp;#27;[0m      &amp;#27;[90m# Login.I_submit_the_credentials()&amp;#27;[0m
    &amp;#27;[32mThen &amp;#27;[0m&amp;#27;[32mI &amp;#27;[0m&amp;#27;[32m&amp;#27;[1mcannot&amp;#27;[0m&amp;#27;[32m login&amp;#27;[0m                &amp;#27;[90m# Login.I_something_login(String)&amp;#27;[0m
</system-out>
  </testcase>
  <testcase classname="| Successful | valid | valid | can |" name="| Successful | valid | valid | can |" time="0.018">
    <error message="An element could not be located on the page using the given search parameters. (WARNING: The server did not provide any stacktrace information)
Command duration or timeout: 27.35 seconds
For documentation on this error, please visit: http://seleniumhq.org/exceptions/no_such_element.html
Build info: version: &apos;3.4.0&apos;, revision: &apos;unknown&apos;, time: &apos;unknown&apos;
System info: host: &apos;DESKTOP-JK77KIE&apos;, ip: &apos;192.168.52.2&apos;, os.name: &apos;Windows 10&apos;, os.arch: &apos;amd64&apos;, os.version: &apos;10.0&apos;, java.version: &apos;1.8.0_131&apos;
Driver info: io.appium.java_client.android.AndroidDriver
Capabilities [{app=C:\Users\Walter\Desktop\Mocha + Cucumber\Evernote\Backup\evernoteTest/src/main/resources/Evernote.apk, appPackage=com.evernote, deviceScreenSize=1440x2560, networkConnectionEnabled=true, warnings={}, appWaitPackage=com.evernote, appWaitActivity=com.evernote.ui.HomeActivity, databaseEnabled=false, deviceName=ce0716079d5e2a1905, platform=LINUX, deviceUDID=ce0716079d5e2a1905, appActivity=com.evernote.ui.HomeActivity, desired={app=C:\Users\Walter\Desktop\Mocha + Cucumber\Evernote\Backup\evernoteTest/src/main/resources/Evernote.apk, platformVersion=7.0, platformName=Android, deviceName=ce0716079d5e2a1905}, platformVersion=7.0, webStorageEnabled=false, locationContextEnabled=false, takesScreenshot=true, javascriptEnabled=true, deviceModel=SM-G930F, platformName=Android, deviceManufacturer=samsung}]
Session ID: 6da1a7de-4f04-44ce-a062-97f97d5b2299
*** Element info: {Using=id, value=com.evernote:id/landing_email}" type="org.openqa.selenium.NoSuchElementException">org.openqa.selenium.NoSuchElementException: An element could not be located on the page using the given search parameters. (WARNING: The server did not provide any stacktrace information)
Command duration or timeout: 27.35 seconds
For documentation on this error, please visit: http://seleniumhq.org/exceptions/no_such_element.html
Build info: version: &apos;3.4.0&apos;, revision: &apos;unknown&apos;, time: &apos;unknown&apos;
System info: host: &apos;DESKTOP-JK77KIE&apos;, ip: &apos;192.168.52.2&apos;, os.name: &apos;Windows 10&apos;, os.arch: &apos;amd64&apos;, os.version: &apos;10.0&apos;, java.version: &apos;1.8.0_131&apos;
Driver info: io.appium.java_client.android.AndroidDriver
Capabilities [{app=C:\Users\Walter\Desktop\Mocha + Cucumber\Evernote\Backup\evernoteTest/src/main/resources/Evernote.apk, appPackage=com.evernote, deviceScreenSize=1440x2560, networkConnectionEnabled=true, warnings={}, appWaitPackage=com.evernote, appWaitActivity=com.evernote.ui.HomeActivity, databaseEnabled=false, deviceName=ce0716079d5e2a1905, platform=LINUX, deviceUDID=ce0716079d5e2a1905, appActivity=com.evernote.ui.HomeActivity, desired={app=C:\Users\Walter\Desktop\Mocha + Cucumber\Evernote\Backup\evernoteTest/src/main/resources/Evernote.apk, platformVersion=7.0, platformName=Android, deviceName=ce0716079d5e2a1905}, platformVersion=7.0, webStorageEnabled=false, locationContextEnabled=false, takesScreenshot=true, javascriptEnabled=true, deviceModel=SM-G930F, platformName=Android, deviceManufacturer=samsung}]
Session ID: 6da1a7de-4f04-44ce-a062-97f97d5b2299
*** Element info: {Using=id, value=com.evernote:id/landing_email}
	at sun.reflect.NativeConstructorAccessorImpl.newInstance0(Native Method)
	at sun.reflect.NativeConstructorAccessorImpl.newInstance(NativeConstructorAccessorImpl.java:62)
	at sun.reflect.DelegatingConstructorAccessorImpl.newInstance(DelegatingConstructorAccessorImpl.java:45)
	at java.lang.reflect.Constructor.newInstance(Constructor.java:423)
	at org.openqa.selenium.remote.ErrorHandler.createThrowable(ErrorHandler.java:215)
	at org.openqa.selenium.remote.ErrorHandler.throwIfResponseFailed(ErrorHandler.java:167)
	at org.openqa.selenium.remote.RemoteWebDriver.execute(RemoteWebDriver.java:671)
	at io.appium.java_client.DefaultGenericMobileDriver.execute(DefaultGenericMobileDriver.java:42)
	at io.appium.java_client.AppiumDriver.execute(AppiumDriver.java:1)
	at io.appium.java_client.android.AndroidDriver.execute(AndroidDriver.java:1)
	at org.openqa.selenium.remote.RemoteWebDriver.findElement(RemoteWebDriver.java:410)
	at io.appium.java_client.DefaultGenericMobileDriver.findElement(DefaultGenericMobileDriver.java:62)
	at io.appium.java_client.AppiumDriver.findElement(AppiumDriver.java:1)
	at io.appium.java_client.android.AndroidDriver.findElement(AndroidDriver.java:1)
	at org.openqa.selenium.remote.RemoteWebDriver.findElementById(RemoteWebDriver.java:453)
	at io.appium.java_client.DefaultGenericMobileDriver.findElementById(DefaultGenericMobileDriver.java:70)
	at io.appium.java_client.AppiumDriver.findElementById(AppiumDriver.java:1)
	at io.appium.java_client.android.AndroidDriver.findElementById(AndroidDriver.java:1)
	at org.openqa.selenium.By$ById.findElement(By.java:218)
	at org.openqa.selenium.remote.RemoteWebDriver.findElement(RemoteWebDriver.java:402)
	at io.appium.java_client.DefaultGenericMobileDriver.findElement(DefaultGenericMobileDriver.java:58)
	at io.appium.java_client.AppiumDriver.findElement(AppiumDriver.java:1)
	at io.appium.java_client.android.AndroidDriver.findElement(AndroidDriver.java:1)
	at test.scripts.Login.A_something_username(Login.java:38)
	at ✽.Given A valid username(01Login.feature:5)
</error>
  </testcase>
  <testcase classname="| Successful | valid | valid | can |" name="And A valid password" time="0.034">
    <skipped/>
  </testcase>
  <testcase classname="| Successful | valid | valid | can |" name="When I submit the credentials" time="0.034">
    <skipped/>
  </testcase>
  <testcase classname="| Successful | valid | valid | can |" name="Then I can login" time="0.034">
    <skipped/>
  </testcase>
  <testcase classname="Scenario: logout" name="Given a user already logged in" time="0"/>
  <testcase classname="Scenario: logout" name="When I go to settings" time="0.031">
    <error message="An element could not be located on the page using the given search parameters. (WARNING: The server did not provide any stacktrace information)
Command duration or timeout: 21.08 seconds
For documentation on this error, please visit: http://seleniumhq.org/exceptions/no_such_element.html
Build info: version: &apos;3.4.0&apos;, revision: &apos;unknown&apos;, time: &apos;unknown&apos;
System info: host: &apos;DESKTOP-JK77KIE&apos;, ip: &apos;192.168.52.2&apos;, os.name: &apos;Windows 10&apos;, os.arch: &apos;amd64&apos;, os.version: &apos;10.0&apos;, java.version: &apos;1.8.0_131&apos;
Driver info: io.appium.java_client.android.AndroidDriver
Capabilities [{app=C:\Users\Walter\Desktop\Mocha + Cucumber\Evernote\Backup\evernoteTest/src/main/resources/Evernote.apk, appPackage=com.evernote, deviceScreenSize=1440x2560, networkConnectionEnabled=true, warnings={}, appWaitPackage=com.evernote, appWaitActivity=com.evernote.ui.HomeActivity, databaseEnabled=false, deviceName=ce0716079d5e2a1905, platform=LINUX, deviceUDID=ce0716079d5e2a1905, appActivity=com.evernote.ui.HomeActivity, desired={app=C:\Users\Walter\Desktop\Mocha + Cucumber\Evernote\Backup\evernoteTest/src/main/resources/Evernote.apk, platformVersion=7.0, platformName=Android, deviceName=ce0716079d5e2a1905}, platformVersion=7.0, webStorageEnabled=false, locationContextEnabled=false, takesScreenshot=true, javascriptEnabled=true, deviceModel=SM-G930F, platformName=Android, deviceManufacturer=samsung}]
Session ID: 6da1a7de-4f04-44ce-a062-97f97d5b2299
*** Element info: {Using=id, value=com.evernote:id/overflow_icon}" type="org.openqa.selenium.NoSuchElementException">org.openqa.selenium.NoSuchElementException: An element could not be located on the page using the given search parameters. (WARNING: The server did not provide any stacktrace information)
Command duration or timeout: 21.08 seconds
For documentation on this error, please visit: http://seleniumhq.org/exceptions/no_such_element.html
Build info: version: &apos;3.4.0&apos;, revision: &apos;unknown&apos;, time: &apos;unknown&apos;
System info: host: &apos;DESKTOP-JK77KIE&apos;, ip: &apos;192.168.52.2&apos;, os.name: &apos;Windows 10&apos;, os.arch: &apos;amd64&apos;, os.version: &apos;10.0&apos;, java.version: &apos;1.8.0_131&apos;
Driver info: io.appium.java_client.android.AndroidDriver
Capabilities [{app=C:\Users\Walter\Desktop\Mocha + Cucumber\Evernote\Backup\evernoteTest/src/main/resources/Evernote.apk, appPackage=com.evernote, deviceScreenSize=1440x2560, networkConnectionEnabled=true, warnings={}, appWaitPackage=com.evernote, appWaitActivity=com.evernote.ui.HomeActivity, databaseEnabled=false, deviceName=ce0716079d5e2a1905, platform=LINUX, deviceUDID=ce0716079d5e2a1905, appActivity=com.evernote.ui.HomeActivity, desired={app=C:\Users\Walter\Desktop\Mocha + Cucumber\Evernote\Backup\evernoteTest/src/main/resources/Evernote.apk, platformVersion=7.0, platformName=Android, deviceName=ce0716079d5e2a1905}, platformVersion=7.0, webStorageEnabled=false, locationContextEnabled=false, takesScreenshot=true, javascriptEnabled=true, deviceModel=SM-G930F, platformName=Android, deviceManufacturer=samsung}]
Session ID: 6da1a7de-4f04-44ce-a062-97f97d5b2299
*** Element info: {Using=id, value=com.evernote:id/overflow_icon}
	at sun.reflect.NativeConstructorAccessorImpl.newInstance0(Native Method)
	at sun.reflect.NativeConstructorAccessorImpl.newInstance(NativeConstructorAccessorImpl.java:62)
	at sun.reflect.DelegatingConstructorAccessorImpl.newInstance(DelegatingConstructorAccessorImpl.java:45)
	at java.lang.reflect.Constructor.newInstance(Constructor.java:423)
	at org.openqa.selenium.remote.ErrorHandler.createThrowable(ErrorHandler.java:215)
	at org.openqa.selenium.remote.ErrorHandler.throwIfResponseFailed(ErrorHandler.java:167)
	at org.openqa.selenium.remote.RemoteWebDriver.execute(RemoteWebDriver.java:671)
	at io.appium.java_client.DefaultGenericMobileDriver.execute(DefaultGenericMobileDriver.java:42)
	at io.appium.java_client.AppiumDriver.execute(AppiumDriver.java:1)
	at io.appium.java_client.android.AndroidDriver.execute(AndroidDriver.java:1)
	at org.openqa.selenium.remote.RemoteWebDriver.findElement(RemoteWebDriver.java:410)
	at io.appium.java_client.DefaultGenericMobileDriver.findElement(DefaultGenericMobileDriver.java:62)
	at io.appium.java_client.AppiumDriver.findElement(AppiumDriver.java:1)
	at io.appium.java_client.android.AndroidDriver.findElement(AndroidDriver.java:1)
	at org.openqa.selenium.remote.RemoteWebDriver.findElementById(RemoteWebDriver.java:453)
	at io.appium.java_client.DefaultGenericMobileDriver.findElementById(DefaultGenericMobileDriver.java:70)
	at io.appium.java_client.AppiumDriver.findElementById(AppiumDriver.java:1)
	at io.appium.java_client.android.AndroidDriver.findElementById(AndroidDriver.java:1)
	at test.scripts.Logout.I_go_to_settings(Logout.java:42)
	at ✽.When I go to settings(02Logout.feature:6)
</error>
  </testcase>
  <testcase classname="Scenario: logout" name="Scenario: logout" time="0.031">
    <error message="An element could not be located on the page using the given search parameters. (WARNING: The server did not provide any stacktrace information)
Command duration or timeout: 21.08 seconds
For documentation on this error, please visit: http://seleniumhq.org/exceptions/no_such_element.html
Build info: version: &apos;3.4.0&apos;, revision: &apos;unknown&apos;, time: &apos;unknown&apos;
System info: host: &apos;DESKTOP-JK77KIE&apos;, ip: &apos;192.168.52.2&apos;, os.name: &apos;Windows 10&apos;, os.arch: &apos;amd64&apos;, os.version: &apos;10.0&apos;, java.version: &apos;1.8.0_131&apos;
Driver info: io.appium.java_client.android.AndroidDriver
Capabilities [{app=C:\Users\Walter\Desktop\Mocha + Cucumber\Evernote\Backup\evernoteTest/src/main/resources/Evernote.apk, appPackage=com.evernote, deviceScreenSize=1440x2560, networkConnectionEnabled=true, warnings={}, appWaitPackage=com.evernote, appWaitActivity=com.evernote.ui.HomeActivity, databaseEnabled=false, deviceName=ce0716079d5e2a1905, platform=LINUX, deviceUDID=ce0716079d5e2a1905, appActivity=com.evernote.ui.HomeActivity, desired={app=C:\Users\Walter\Desktop\Mocha + Cucumber\Evernote\Backup\evernoteTest/src/main/resources/Evernote.apk, platformVersion=7.0, platformName=Android, deviceName=ce0716079d5e2a1905}, platformVersion=7.0, webStorageEnabled=false, locationContextEnabled=false, takesScreenshot=true, javascriptEnabled=true, deviceModel=SM-G930F, platformName=Android, deviceManufacturer=samsung}]
Session ID: 6da1a7de-4f04-44ce-a062-97f97d5b2299
*** Element info: {Using=id, value=com.evernote:id/overflow_icon}" type="org.openqa.selenium.NoSuchElementException">org.openqa.selenium.NoSuchElementException: An element could not be located on the page using the given search parameters. (WARNING: The server did not provide any stacktrace information)
Command duration or timeout: 21.08 seconds
For documentation on this error, please visit: http://seleniumhq.org/exceptions/no_such_element.html
Build info: version: &apos;3.4.0&apos;, revision: &apos;unknown&apos;, time: &apos;unknown&apos;
System info: host: &apos;DESKTOP-JK77KIE&apos;, ip: &apos;192.168.52.2&apos;, os.name: &apos;Windows 10&apos;, os.arch: &apos;amd64&apos;, os.version: &apos;10.0&apos;, java.version: &apos;1.8.0_131&apos;
Driver info: io.appium.java_client.android.AndroidDriver
Capabilities [{app=C:\Users\Walter\Desktop\Mocha + Cucumber\Evernote\Backup\evernoteTest/src/main/resources/Evernote.apk, appPackage=com.evernote, deviceScreenSize=1440x2560, networkConnectionEnabled=true, warnings={}, appWaitPackage=com.evernote, appWaitActivity=com.evernote.ui.HomeActivity, databaseEnabled=false, deviceName=ce0716079d5e2a1905, platform=LINUX, deviceUDID=ce0716079d5e2a1905, appActivity=com.evernote.ui.HomeActivity, desired={app=C:\Users\Walter\Desktop\Mocha + Cucumber\Evernote\Backup\evernoteTest/src/main/resources/Evernote.apk, platformVersion=7.0, platformName=Android, deviceName=ce0716079d5e2a1905}, platformVersion=7.0, webStorageEnabled=false, locationContextEnabled=false, takesScreenshot=true, javascriptEnabled=true, deviceModel=SM-G930F, platformName=Android, deviceManufacturer=samsung}]
Session ID: 6da1a7de-4f04-44ce-a062-97f97d5b2299
*** Element info: {Using=id, value=com.evernote:id/overflow_icon}
	at sun.reflect.NativeConstructorAccessorImpl.newInstance0(Native Method)
	at sun.reflect.NativeConstructorAccessorImpl.newInstance(NativeConstructorAccessorImpl.java:62)
	at sun.reflect.DelegatingConstructorAccessorImpl.newInstance(DelegatingConstructorAccessorImpl.java:45)
	at java.lang.reflect.Constructor.newInstance(Constructor.java:423)
	at org.openqa.selenium.remote.ErrorHandler.createThrowable(ErrorHandler.java:215)
	at org.openqa.selenium.remote.ErrorHandler.throwIfResponseFailed(ErrorHandler.java:167)
	at org.openqa.selenium.remote.RemoteWebDriver.execute(RemoteWebDriver.java:671)
	at io.appium.java_client.DefaultGenericMobileDriver.execute(DefaultGenericMobileDriver.java:42)
	at io.appium.java_client.AppiumDriver.execute(AppiumDriver.java:1)
	at io.appium.java_client.android.AndroidDriver.execute(AndroidDriver.java:1)
	at org.openqa.selenium.remote.RemoteWebDriver.findElement(RemoteWebDriver.java:410)
	at io.appium.java_client.DefaultGenericMobileDriver.findElement(DefaultGenericMobileDriver.java:62)
	at io.appium.java_client.AppiumDriver.findElement(AppiumDriver.java:1)
	at io.appium.java_client.android.AndroidDriver.findElement(AndroidDriver.java:1)
	at org.openqa.selenium.remote.RemoteWebDriver.findElementById(RemoteWebDriver.java:453)
	at io.appium.java_client.DefaultGenericMobileDriver.findElementById(DefaultGenericMobileDriver.java:70)
	at io.appium.java_client.AppiumDriver.findElementById(AppiumDriver.java:1)
	at io.appium.java_client.android.AndroidDriver.findElementById(AndroidDriver.java:1)
	at test.scripts.Logout.I_go_to_settings(Logout.java:42)
	at ✽.When I go to settings(02Logout.feature:6)
</error>
  </testcase>
  <testcase classname="Scenario: logout" name="And go to account information" time="0.031">
    <skipped/>
  </testcase>
  <testcase classname="Scenario: logout" name="And tap logout" time="0.031">
    <skipped/>
  </testcase>
  <testcase classname="Scenario: logout" name="Then I can logout successfully" time="0.031">
    <skipped/>
  </testcase>
</testsuite>